e:\miguel\uni\2º\programación avanzada\practica\version javi\practica a modificar\pagameengine\x64\release\vc142.pdb
e:\miguel\uni\2º\programación avanzada\practica\version javi\practica a modificar\pagameengine\x64\release\triangle.obj
e:\miguel\uni\2º\programación avanzada\practica\version javi\practica a modificar\pagameengine\x64\release\teapot.obj
e:\miguel\uni\2º\programación avanzada\practica\version javi\practica a modificar\pagameengine\x64\release\sphere.obj
e:\miguel\uni\2º\programación avanzada\practica\version javi\practica a modificar\pagameengine\x64\release\solid.obj
e:\miguel\uni\2º\programación avanzada\practica\version javi\practica a modificar\pagameengine\x64\release\scene.obj
e:\miguel\uni\2º\programación avanzada\practica\version javi\practica a modificar\pagameengine\x64\release\enginejson.obj
e:\miguel\uni\2º\programación avanzada\practica\version javi\practica a modificar\pagameengine\x64\release\model_mesh_triangles.obj
e:\miguel\uni\2º\programación avanzada\practica\version javi\practica a modificar\pagameengine\x64\release\loader_obj.obj
e:\miguel\uni\2º\programación avanzada\practica\version javi\practica a modificar\pagameengine\x64\release\light.obj
e:\miguel\uni\2º\programación avanzada\practica\version javi\practica a modificar\pagameengine\x64\release\game.obj
e:\miguel\uni\2º\programación avanzada\practica\version javi\practica a modificar\pagameengine\x64\release\cylinder.obj
e:\miguel\uni\2º\programación avanzada\practica\version javi\practica a modificar\pagameengine\x64\release\cuboid.obj
e:\miguel\uni\2º\programación avanzada\practica\version javi\practica a modificar\pagameengine\x64\release\cube.obj
e:\miguel\uni\2º\programación avanzada\practica\version javi\practica a modificar\pagameengine\x64\release\composite.obj
e:\miguel\uni\2º\programación avanzada\practica\version javi\practica a modificar\pagameengine\x64\release\camera_fps.obj
e:\miguel\uni\2º\programación avanzada\practica\version javi\practica a modificar\pagameengine\x64\release\camerafly.obj
e:\miguel\uni\2º\programación avanzada\practica\version javi\practica a modificar\pagameengine\x64\release\camera.obj
e:\miguel\uni\2º\programación avanzada\practica\version javi\practica a modificar\x64\release\pa_engine_json.exe
e:\miguel\uni\2º\programación avanzada\practica\version javi\practica a modificar\x64\release\pa_engine_json.pdb
e:\miguel\uni\2º\programación avanzada\practica\version javi\practica a modificar\x64\release\pa_engine_json.ipdb
e:\miguel\uni\2º\programación avanzada\practica\version javi\practica a modificar\x64\release\pa_engine_json.iobj
d:\dyddv - urjc\2 año\1º cuatri\programacion avanzada\practica\entregable v1\pagameengine\x64\release\camera.obj
d:\dyddv - urjc\2 año\1º cuatri\programacion avanzada\practica\entregable v1\pagameengine\x64\release\camerafly.obj
d:\dyddv - urjc\2 año\1º cuatri\programacion avanzada\practica\entregable v1\pagameengine\x64\release\camera_fps.obj
d:\dyddv - urjc\2 año\1º cuatri\programacion avanzada\practica\entregable v1\pagameengine\x64\release\composite.obj
d:\dyddv - urjc\2 año\1º cuatri\programacion avanzada\practica\entregable v1\pagameengine\x64\release\cube.obj
d:\dyddv - urjc\2 año\1º cuatri\programacion avanzada\practica\entregable v1\pagameengine\x64\release\cuboid.obj
d:\dyddv - urjc\2 año\1º cuatri\programacion avanzada\practica\entregable v1\pagameengine\x64\release\cylinder.obj
d:\dyddv - urjc\2 año\1º cuatri\programacion avanzada\practica\entregable v1\pagameengine\x64\release\enginejson.obj
d:\dyddv - urjc\2 año\1º cuatri\programacion avanzada\practica\entregable v1\pagameengine\x64\release\game.obj
d:\dyddv - urjc\2 año\1º cuatri\programacion avanzada\practica\entregable v1\pagameengine\x64\release\light.obj
d:\dyddv - urjc\2 año\1º cuatri\programacion avanzada\practica\entregable v1\pagameengine\x64\release\loader_obj.obj
d:\dyddv - urjc\2 año\1º cuatri\programacion avanzada\practica\entregable v1\pagameengine\x64\release\model_mesh_triangles.obj
d:\dyddv - urjc\2 año\1º cuatri\programacion avanzada\practica\entregable v1\pagameengine\x64\release\scene.obj
d:\dyddv - urjc\2 año\1º cuatri\programacion avanzada\practica\entregable v1\pagameengine\x64\release\solid.obj
d:\dyddv - urjc\2 año\1º cuatri\programacion avanzada\practica\entregable v1\pagameengine\x64\release\sphere.obj
d:\dyddv - urjc\2 año\1º cuatri\programacion avanzada\practica\entregable v1\pagameengine\x64\release\teapot.obj
d:\dyddv - urjc\2 año\1º cuatri\programacion avanzada\practica\entregable v1\pagameengine\x64\release\triangle.obj
d:\dyddv - urjc\2 año\1º cuatri\programacion avanzada\practica\entregable v1\pagameengine\x64\release\vc142.pdb
d:\dyddv - urjc\2 año\1º cuatri\programacion avanzada\practica\entregable v1\x64\release\pa_engine_json.pdb
d:\dyddv - urjc\2 año\1º cuatri\programacion avanzada\practica\entregable v1\x64\release\pa_engine_json.exe
d:\dyddv - urjc\2 año\1º cuatri\programacion avanzada\practica\entregable v1\pagameengine\x64\release\pa_engine_json.tlog\cl.command.1.tlog
d:\dyddv - urjc\2 año\1º cuatri\programacion avanzada\practica\entregable v1\pagameengine\x64\release\pa_engine_json.tlog\cl.read.1.tlog
d:\dyddv - urjc\2 año\1º cuatri\programacion avanzada\practica\entregable v1\pagameengine\x64\release\pa_engine_json.tlog\cl.write.1.tlog
d:\dyddv - urjc\2 año\1º cuatri\programacion avanzada\practica\entregable v1\pagameengine\x64\release\pa_engine_json.tlog\link.command.1.tlog
d:\dyddv - urjc\2 año\1º cuatri\programacion avanzada\practica\entregable v1\pagameengine\x64\release\pa_engine_json.tlog\link.read.1.tlog
d:\dyddv - urjc\2 año\1º cuatri\programacion avanzada\practica\entregable v1\pagameengine\x64\release\pa_engine_json.tlog\link.write.1.tlog
d:\dyddv - urjc\2 año\1º cuatri\programacion avanzada\practica\entregable v1\pagameengine\x64\release\pa_engine_json.tlog\pa_engine_json.write.1u.tlog
