e:\miguel\uni\2º\programación avanzada\practica\version javi\practica a modificar\pagameengine\x64\debug\vc142.pdb
e:\miguel\uni\2º\programación avanzada\practica\version javi\practica a modificar\pagameengine\x64\debug\vc142.idb
e:\miguel\uni\2º\programación avanzada\practica\version javi\practica a modificar\pagameengine\x64\debug\triangle.obj
e:\miguel\uni\2º\programación avanzada\practica\version javi\practica a modificar\pagameengine\x64\debug\teapot.obj
e:\miguel\uni\2º\programación avanzada\practica\version javi\practica a modificar\pagameengine\x64\debug\sphere.obj
e:\miguel\uni\2º\programación avanzada\practica\version javi\practica a modificar\pagameengine\x64\debug\solid.obj
e:\miguel\uni\2º\programación avanzada\practica\version javi\practica a modificar\pagameengine\x64\debug\scene.obj
e:\miguel\uni\2º\programación avanzada\practica\version javi\practica a modificar\pagameengine\x64\debug\enginejson.obj
e:\miguel\uni\2º\programación avanzada\practica\version javi\practica a modificar\pagameengine\x64\debug\model_mesh_triangles.obj
e:\miguel\uni\2º\programación avanzada\practica\version javi\practica a modificar\pagameengine\x64\debug\loader_obj.obj
e:\miguel\uni\2º\programación avanzada\practica\version javi\practica a modificar\pagameengine\x64\debug\light.obj
e:\miguel\uni\2º\programación avanzada\practica\version javi\practica a modificar\pagameengine\x64\debug\game.obj
e:\miguel\uni\2º\programación avanzada\practica\version javi\practica a modificar\pagameengine\x64\debug\cylinder.obj
e:\miguel\uni\2º\programación avanzada\practica\version javi\practica a modificar\pagameengine\x64\debug\cuboid.obj
e:\miguel\uni\2º\programación avanzada\practica\version javi\practica a modificar\pagameengine\x64\debug\cube.obj
e:\miguel\uni\2º\programación avanzada\practica\version javi\practica a modificar\pagameengine\x64\debug\composite.obj
e:\miguel\uni\2º\programación avanzada\practica\version javi\practica a modificar\pagameengine\x64\debug\camera_fps.obj
e:\miguel\uni\2º\programación avanzada\practica\version javi\practica a modificar\pagameengine\x64\debug\camerafly.obj
e:\miguel\uni\2º\programación avanzada\practica\version javi\practica a modificar\pagameengine\x64\debug\camera.obj
e:\miguel\uni\2º\programación avanzada\practica\version javi\practica a modificar\x64\debug\pa_engine_json.exe
e:\miguel\uni\2º\programación avanzada\practica\version javi\practica a modificar\x64\debug\pa_engine_json.ilk
e:\miguel\uni\2º\programación avanzada\practica\version javi\practica a modificar\x64\debug\pa_engine_json.pdb
e:\miguel\uni\2º\programación avanzada\practica\version javi\practica a modificar\pagameengine\x64\debug\pa_engine_json.tlog\cl.command.1.tlog
e:\miguel\uni\2º\programación avanzada\practica\version javi\practica a modificar\pagameengine\x64\debug\pa_engine_json.tlog\cl.read.1.tlog
e:\miguel\uni\2º\programación avanzada\practica\version javi\practica a modificar\pagameengine\x64\debug\pa_engine_json.tlog\cl.write.1.tlog
e:\miguel\uni\2º\programación avanzada\practica\version javi\practica a modificar\pagameengine\x64\debug\pa_engine_json.tlog\link.command.1.tlog
e:\miguel\uni\2º\programación avanzada\practica\version javi\practica a modificar\pagameengine\x64\debug\pa_engine_json.tlog\link.read.1.tlog
e:\miguel\uni\2º\programación avanzada\practica\version javi\practica a modificar\pagameengine\x64\debug\pa_engine_json.tlog\link.write.1.tlog
