  camera.cpp
  CameraFly.cpp
  camera_fps.cpp
  composite.cpp
  cube.cpp
  cuboid.cpp
  cylinder.cpp
C:\Users\Javi\Desktop\Nueva carpeta\entregable v1\PAGameEngine\cylinder.h(12,1): warning C4150: eliminación de puntero a tipo 'GLUquadric' incompleto; no se ha llamado a un destructor
C:\Program Files (x86)\Windows Kits\10\Include\10.0.18362.0\um\GL\glu.h(163): message : vea la declaración de 'GLUquadric'
  game.cpp
C:\Users\Javi\Desktop\Nueva carpeta\entregable v1\PAGameEngine\cylinder.h(12,1): warning C4150: eliminación de puntero a tipo 'GLUquadric' incompleto; no se ha llamado a un destructor
C:\Program Files (x86)\Windows Kits\10\Include\10.0.18362.0\um\GL\glu.h(163): message : vea la declaración de 'GLUquadric'
C:\Users\Javi\Desktop\Nueva carpeta\entregable v1\PAGameEngine\light.h(7,11): warning C4244: 'inicializando': conversión de 'S' a 'float'; posible pérdida de datos
          with
          [
              S=double
          ]
C:\Users\Javi\Desktop\Nueva carpeta\entregable v1\PAGameEngine\light.h(8,11): warning C4244: 'inicializando': conversión de 'S' a 'float'; posible pérdida de datos
          with
          [
              S=double
          ]
C:\Users\Javi\Desktop\Nueva carpeta\entregable v1\PAGameEngine\light.h(9,11): warning C4244: 'inicializando': conversión de 'S' a 'float'; posible pérdida de datos
          with
          [
              S=double
          ]
C:\Users\Javi\Desktop\Nueva carpeta\entregable v1\PAGameEngine\game.cpp(72,47): warning C4244: '=': conversión de '_Rep' a 'long'; posible pérdida de datos
          with
          [
              _Rep=__int64
          ]
  light.cpp
C:\Users\Javi\Desktop\Nueva carpeta\entregable v1\PAGameEngine\light.h(7,11): warning C4244: 'inicializando': conversión de 'S' a 'float'; posible pérdida de datos
          with
          [
              S=double
          ]
C:\Users\Javi\Desktop\Nueva carpeta\entregable v1\PAGameEngine\light.h(8,11): warning C4244: 'inicializando': conversión de 'S' a 'float'; posible pérdida de datos
          with
          [
              S=double
          ]
C:\Users\Javi\Desktop\Nueva carpeta\entregable v1\PAGameEngine\light.h(9,11): warning C4244: 'inicializando': conversión de 'S' a 'float'; posible pérdida de datos
          with
          [
              S=double
          ]
  loader_obj.cpp
C:\Users\Javi\Desktop\Nueva carpeta\entregable v1\PAGameEngine\loader_obj.cpp(72,13): warning C4244: '=': conversión de 'double' a 'float'; posible pérdida de datos
C:\Users\Javi\Desktop\Nueva carpeta\entregable v1\PAGameEngine\loader_obj.cpp(73,13): warning C4244: '=': conversión de 'double' a 'float'; posible pérdida de datos
C:\Users\Javi\Desktop\Nueva carpeta\entregable v1\PAGameEngine\loader_obj.cpp(74,13): warning C4244: '=': conversión de 'double' a 'float'; posible pérdida de datos
C:\Users\Javi\Desktop\Nueva carpeta\entregable v1\PAGameEngine\loader_obj.cpp(75,13): warning C4244: '=': conversión de 'double' a 'float'; posible pérdida de datos
C:\Users\Javi\Desktop\Nueva carpeta\entregable v1\PAGameEngine\loader_obj.cpp(76,13): warning C4244: '=': conversión de 'double' a 'float'; posible pérdida de datos
C:\Users\Javi\Desktop\Nueva carpeta\entregable v1\PAGameEngine\loader_obj.cpp(77,13): warning C4244: '=': conversión de 'double' a 'float'; posible pérdida de datos
  model_mesh_triangles.cpp
  EngineJson.cpp
C:\Users\Javi\Desktop\Nueva carpeta\entregable v1\PAGameEngine\cylinder.h(12,1): warning C4150: eliminación de puntero a tipo 'GLUquadric' incompleto; no se ha llamado a un destructor
C:\Program Files (x86)\Windows Kits\10\Include\10.0.18362.0\um\GL\glu.h(163): message : vea la declaración de 'GLUquadric'
C:\Users\Javi\Desktop\Nueva carpeta\entregable v1\PAGameEngine\light.h(7,11): warning C4244: 'inicializando': conversión de 'S' a 'float'; posible pérdida de datos
          with
          [
              S=double
          ]
C:\Users\Javi\Desktop\Nueva carpeta\entregable v1\PAGameEngine\light.h(8,11): warning C4244: 'inicializando': conversión de 'S' a 'float'; posible pérdida de datos
          with
          [
              S=double
          ]
C:\Users\Javi\Desktop\Nueva carpeta\entregable v1\PAGameEngine\light.h(9,11): warning C4244: 'inicializando': conversión de 'S' a 'float'; posible pérdida de datos
          with
          [
              S=double
          ]
C:\Users\Javi\Desktop\Nueva carpeta\entregable v1\PAGameEngine\EngineJson.cpp(13,24): warning C4305: 'inicializando': truncamiento de 'double' a 'GLclampf'
C:\Users\Javi\Desktop\Nueva carpeta\entregable v1\PAGameEngine\EngineJson.cpp(14,26): warning C4305: 'inicializando': truncamiento de 'double' a 'GLclampf'
C:\Users\Javi\Desktop\Nueva carpeta\entregable v1\PAGameEngine\EngineJson.cpp(15,24): warning C4305: 'inicializando': truncamiento de 'double' a 'GLclampf'
  scene.cpp
  solid.cpp
  sphere.cpp
  teapot.cpp
  triangle.cpp
  Generando código...
C:\Users\Javi\Desktop\Nueva carpeta\entregable v1\PAGameEngine\model_mesh_triangles.cpp(17): warning C4717: 'ModelMeshTriangles::update': recursiva para todas las rutas de acceso de control; la función provocará el desbordamiento de la pila en tiempo de ejecución
  PAGameEngine.vcxproj -> C:\Users\Javi\Desktop\Nueva carpeta\entregable v1\x64\Debug\PA_Engine_Json.exe
